-- The C compiler identification is GNU 9.4.0
-- The CXX compiler identification is GNU 9.4.0
-- Check for working C compiler: /usr/bin/cc
-- Check for working C compiler: /usr/bin/cc -- works
-- Detecting C compiler ABI info
-- Detecting C compiler ABI info - done
-- Detecting C compile features
-- Detecting C compile features - done
-- Check for working CXX compiler: /usr/bin/c++
-- Check for working CXX compiler: /usr/bin/c++ -- works
-- Detecting CXX compiler ABI info
-- Detecting CXX compiler ABI info - done
-- Detecting CXX compile features
-- Detecting CXX compile features - done
-- Found ament_cmake: 1.1.6 (/opt/ros/galactic/share/ament_cmake/cmake)
-- Found PythonInterp: /usr/bin/python3 (found suitable version "3.8.10", minimum required is "3") 
-- Using PYTHON_EXECUTABLE: /usr/bin/python3
-- Found robot_state_publisher: 2.5.3 (/opt/ros/galactic/share/robot_state_publisher/cmake)
-- Using all available rosidl_typesupport_c: rosidl_typesupport_fastrtps_c;rosidl_typesupport_introspection_c
-- Found rosidl_adapter: 2.2.3 (/opt/ros/galactic/share/rosidl_adapter/cmake)
-- Found OpenSSL: /usr/lib/x86_64-linux-gnu/libcrypto.so (found version "1.1.1f")  
-- Found FastRTPS: /opt/ros/galactic/include  
-- Using all available rosidl_typesupport_cpp: rosidl_typesupport_fastrtps_cpp;rosidl_typesupport_introspection_cpp
-- Found eigen3_cmake_module: 0.1.1 (/opt/ros/galactic/share/eigen3_cmake_module/cmake)
-- Found Eigen3: TRUE (found version "3.3.7") 
-- Found rmw_implementation_cmake: 3.3.1 (/opt/ros/galactic/share/rmw_implementation_cmake/cmake)
-- Found rmw_cyclonedds_cpp: 0.22.6 (/opt/ros/galactic/share/rmw_cyclonedds_cpp/cmake)
-- Using RMW implementation 'rmw_cyclonedds_cpp' as default
-- Looking for pthread.h
-- Looking for pthread.h - found
-- Performing Test CMAKE_HAVE_LIBC_PTHREAD
-- Performing Test CMAKE_HAVE_LIBC_PTHREAD - Failed
-- Looking for pthread_create in pthreads
-- Looking for pthread_create in pthreads - not found
-- Looking for pthread_create in pthread
-- Looking for pthread_create in pthread - found
-- Found Threads: TRUE  
-- Found xacro: 2.0.7 (/opt/ros/galactic/share/xacro/cmake)
-- Found ros2_control: 1.6.0 (/opt/ros/galactic/share/ros2_control/cmake)
-- Found ament_lint_auto: 0.10.7 (/opt/ros/galactic/share/ament_lint_auto/cmake)
-- Added test 'copyright' to check source files copyright and LICENSE
-- Added test 'cppcheck' to perform static code analysis on C / C++ code
-- Configured cppcheck include dirs: 
-- Configured cppcheck exclude dirs and/or files: 
-- Added test 'cpplint' to check C / C++ code against the Google style
-- Configured cpplint exclude dirs and/or files: 
-- Added test 'flake8' to check Python code syntax and style conventions
-- Added test 'lint_cmake' to check CMake code style
-- Added test 'pep257' to check Python code against some of the style conventions in PEP 257
-- Added test 'uncrustify' to check C / C++ code style
-- Configured uncrustify additional arguments: 
-- Added test 'xmllint' to check XML markup files
-- Configuring done
-- Generating done
-- Build files have been written to: /home/kashif/distrobox/umd/662_p1/src/mobilerobot/build/mobilerobot
-- Install configuration: ""
-- Installing: /home/kashif/distrobox/umd/662_p1/src/mobilerobot/install/mobilerobot/share/mobilerobot//urdf
-- Installing: /home/kashif/distrobox/umd/662_p1/src/mobilerobot/install/mobilerobot/share/mobilerobot//urdf/mobilerobot.csv
-- Installing: /home/kashif/distrobox/umd/662_p1/src/mobilerobot/install/mobilerobot/share/mobilerobot//urdf/mobilerobot.urdf.xacro
-- Installing: /home/kashif/distrobox/umd/662_p1/src/mobilerobot/install/mobilerobot/share/mobilerobot//meshes
-- Installing: /home/kashif/distrobox/umd/662_p1/src/mobilerobot/install/mobilerobot/share/mobilerobot//meshes/fl_wheel_link.STL
-- Installing: /home/kashif/distrobox/umd/662_p1/src/mobilerobot/install/mobilerobot/share/mobilerobot//meshes/lidar_link.STL
-- Installing: /home/kashif/distrobox/umd/662_p1/src/mobilerobot/install/mobilerobot/share/mobilerobot//meshes/fr_steering_link.STL
-- Installing: /home/kashif/distrobox/umd/662_p1/src/mobilerobot/install/mobilerobot/share/mobilerobot//meshes/rear_wheel_link.STL
-- Installing: /home/kashif/distrobox/umd/662_p1/src/mobilerobot/install/mobilerobot/share/mobilerobot//meshes/base_link.STL
-- Installing: /home/kashif/distrobox/umd/662_p1/src/mobilerobot/install/mobilerobot/share/mobilerobot//meshes/fl_steering_link.STL
-- Installing: /home/kashif/distrobox/umd/662_p1/src/mobilerobot/install/mobilerobot/share/mobilerobot//meshes/fr_wheel_link.STL
-- Installing: /home/kashif/distrobox/umd/662_p1/src/mobilerobot/install/mobilerobot/share/mobilerobot//launch
-- Installing: /home/kashif/distrobox/umd/662_p1/src/mobilerobot/install/mobilerobot/share/mobilerobot//launch/gazebo.launch.py
-- Installing: /home/kashif/distrobox/umd/662_p1/src/mobilerobot/install/mobilerobot/share/mobilerobot//launch/display.launch.py
-- Installing: /home/kashif/distrobox/umd/662_p1/src/mobilerobot/install/mobilerobot/share/mobilerobot//launch/spawn_robot_ros2.launch.py
-- Installing: /home/kashif/distrobox/umd/662_p1/src/mobilerobot/install/mobilerobot/share/mobilerobot//launch/robot_description_publisher.py
-- Installing: /home/kashif/distrobox/umd/662_p1/src/mobilerobot/install/mobilerobot/share/mobilerobot//launch/debug.launch.py
-- Installing: /home/kashif/distrobox/umd/662_p1/src/mobilerobot/install/mobilerobot/share/mobilerobot//worlds
-- Installing: /home/kashif/distrobox/umd/662_p1/src/mobilerobot/install/mobilerobot/share/mobilerobot//worlds/empty_world.world
-- Installing: /home/kashif/distrobox/umd/662_p1/src/mobilerobot/install/mobilerobot/share/mobilerobot//config
-- Installing: /home/kashif/distrobox/umd/662_p1/src/mobilerobot/install/mobilerobot/share/mobilerobot//config/control.yaml
-- Installing: /home/kashif/distrobox/umd/662_p1/src/mobilerobot/install/mobilerobot/include/mobilerobot
-- Installing: /home/kashif/distrobox/umd/662_p1/src/mobilerobot/install/mobilerobot/lib/mobilerobot/robot_description_publisher.py
-- Installing: /home/kashif/distrobox/umd/662_p1/src/mobilerobot/install/mobilerobot/share/ament_index/resource_index/package_run_dependencies/mobilerobot
-- Installing: /home/kashif/distrobox/umd/662_p1/src/mobilerobot/install/mobilerobot/share/ament_index/resource_index/parent_prefix_path/mobilerobot
-- Installing: /home/kashif/distrobox/umd/662_p1/src/mobilerobot/install/mobilerobot/share/mobilerobot/environment/ament_prefix_path.sh
-- Installing: /home/kashif/distrobox/umd/662_p1/src/mobilerobot/install/mobilerobot/share/mobilerobot/environment/ament_prefix_path.dsv
-- Installing: /home/kashif/distrobox/umd/662_p1/src/mobilerobot/install/mobilerobot/share/mobilerobot/environment/path.sh
-- Installing: /home/kashif/distrobox/umd/662_p1/src/mobilerobot/install/mobilerobot/share/mobilerobot/environment/path.dsv
-- Installing: /home/kashif/distrobox/umd/662_p1/src/mobilerobot/install/mobilerobot/share/mobilerobot/local_setup.bash
-- Installing: /home/kashif/distrobox/umd/662_p1/src/mobilerobot/install/mobilerobot/share/mobilerobot/local_setup.sh
-- Installing: /home/kashif/distrobox/umd/662_p1/src/mobilerobot/install/mobilerobot/share/mobilerobot/local_setup.zsh
-- Installing: /home/kashif/distrobox/umd/662_p1/src/mobilerobot/install/mobilerobot/share/mobilerobot/local_setup.dsv
-- Installing: /home/kashif/distrobox/umd/662_p1/src/mobilerobot/install/mobilerobot/share/mobilerobot/package.dsv
-- Installing: /home/kashif/distrobox/umd/662_p1/src/mobilerobot/install/mobilerobot/share/ament_index/resource_index/packages/mobilerobot
-- Installing: /home/kashif/distrobox/umd/662_p1/src/mobilerobot/install/mobilerobot/share/mobilerobot/cmake/mobilerobotConfig.cmake
-- Installing: /home/kashif/distrobox/umd/662_p1/src/mobilerobot/install/mobilerobot/share/mobilerobot/cmake/mobilerobotConfig-version.cmake
-- Installing: /home/kashif/distrobox/umd/662_p1/src/mobilerobot/install/mobilerobot/share/mobilerobot/package.xml
