[0.010s] Invoking command in '/home/kashif/distrobox/umd/662_p1/src/mobilerobot/build/mobilerobot': CMAKE_PREFIX_PATH=${CMAKE_PREFIX_PATH}:/opt/ros/galactic /usr/bin/cmake /home/kashif/distrobox/umd/662_p1/src/mobilerobot -DCMAKE_INSTALL_PREFIX=/home/kashif/distrobox/umd/662_p1/src/mobilerobot/install/mobilerobot
[0.064s] -- The C compiler identification is GNU 9.4.0
[0.117s] -- The CXX compiler identification is GNU 9.4.0
[0.120s] -- Check for working C compiler: /usr/bin/cc
[0.189s] -- Check for working C compiler: /usr/bin/cc -- works
[0.189s] -- Detecting C compiler ABI info
[0.261s] -- Detecting C compiler ABI info - done
[0.269s] -- Detecting C compile features
[0.269s] -- Detecting C compile features - done
[0.271s] -- Check for working CXX compiler: /usr/bin/c++
[0.349s] -- Check for working CXX compiler: /usr/bin/c++ -- works
[0.350s] -- Detecting CXX compiler ABI info
[0.444s] -- Detecting CXX compiler ABI info - done
[0.456s] -- Detecting CXX compile features
[0.457s] -- Detecting CXX compile features - done
[0.459s] -- Found ament_cmake: 1.1.6 (/opt/ros/galactic/share/ament_cmake/cmake)
[0.478s] -- Found PythonInterp: /usr/bin/python3 (found suitable version "3.8.10", minimum required is "3") 
[0.478s] -- Using PYTHON_EXECUTABLE: /usr/bin/python3
[0.537s] -- Found robot_state_publisher: 2.5.3 (/opt/ros/galactic/share/robot_state_publisher/cmake)
[0.561s] -- Using all available rosidl_typesupport_c: rosidl_typesupport_fastrtps_c;rosidl_typesupport_introspection_c
[0.566s] -- Found rosidl_adapter: 2.2.3 (/opt/ros/galactic/share/rosidl_adapter/cmake)
[0.657s] -- Found OpenSSL: /usr/lib/x86_64-linux-gnu/libcrypto.so (found version "1.1.1f")  
[0.701s] -- Found FastRTPS: /opt/ros/galactic/include  
[0.771s] -- Using all available rosidl_typesupport_cpp: rosidl_typesupport_fastrtps_cpp;rosidl_typesupport_introspection_cpp
[0.791s] -- Found eigen3_cmake_module: 0.1.1 (/opt/ros/galactic/share/eigen3_cmake_module/cmake)
[0.792s] -- Found Eigen3: TRUE (found version "3.3.7") 
[0.829s] -- Found rmw_implementation_cmake: 3.3.1 (/opt/ros/galactic/share/rmw_implementation_cmake/cmake)
[0.831s] -- Found rmw_cyclonedds_cpp: 0.22.6 (/opt/ros/galactic/share/rmw_cyclonedds_cpp/cmake)
[0.844s] -- Using RMW implementation 'rmw_cyclonedds_cpp' as default
[0.845s] -- Looking for pthread.h
[0.911s] -- Looking for pthread.h - found
[0.911s] -- Performing Test CMAKE_HAVE_LIBC_PTHREAD
[0.999s] -- Performing Test CMAKE_HAVE_LIBC_PTHREAD - Failed
[0.999s] -- Looking for pthread_create in pthreads
[1.053s] -- Looking for pthread_create in pthreads - not found
[1.053s] -- Looking for pthread_create in pthread
[1.131s] -- Looking for pthread_create in pthread - found
[1.132s] -- Found Threads: TRUE  
[1.599s] -- Found xacro: 2.0.7 (/opt/ros/galactic/share/xacro/cmake)
[1.600s] -- Found ros2_control: 1.6.0 (/opt/ros/galactic/share/ros2_control/cmake)
[1.601s] -- Found ament_lint_auto: 0.10.7 (/opt/ros/galactic/share/ament_lint_auto/cmake)
[1.651s] -- Added test 'copyright' to check source files copyright and LICENSE
[1.654s] -- Added test 'cppcheck' to perform static code analysis on C / C++ code
[1.654s] -- Configured cppcheck include dirs: 
[1.654s] -- Configured cppcheck exclude dirs and/or files: 
[1.657s] -- Added test 'cpplint' to check C / C++ code against the Google style
[1.657s] -- Configured cpplint exclude dirs and/or files: 
[1.657s] -- Added test 'flake8' to check Python code syntax and style conventions
[1.658s] -- Added test 'lint_cmake' to check CMake code style
[1.659s] -- Added test 'pep257' to check Python code against some of the style conventions in PEP 257
[1.662s] -- Added test 'uncrustify' to check C / C++ code style
[1.662s] -- Configured uncrustify additional arguments: 
[1.662s] -- Added test 'xmllint' to check XML markup files
[1.665s] -- Configuring done
[1.667s] -- Generating done
[1.668s] -- Build files have been written to: /home/kashif/distrobox/umd/662_p1/src/mobilerobot/build/mobilerobot
[1.675s] Invoked command in '/home/kashif/distrobox/umd/662_p1/src/mobilerobot/build/mobilerobot' returned '0': CMAKE_PREFIX_PATH=${CMAKE_PREFIX_PATH}:/opt/ros/galactic /usr/bin/cmake /home/kashif/distrobox/umd/662_p1/src/mobilerobot -DCMAKE_INSTALL_PREFIX=/home/kashif/distrobox/umd/662_p1/src/mobilerobot/install/mobilerobot
[1.677s] Invoking command in '/home/kashif/distrobox/umd/662_p1/src/mobilerobot/build/mobilerobot': CMAKE_PREFIX_PATH=${CMAKE_PREFIX_PATH}:/opt/ros/galactic /usr/bin/cmake --build /home/kashif/distrobox/umd/662_p1/src/mobilerobot/build/mobilerobot -- -j20 -l20
[1.712s] Invoked command in '/home/kashif/distrobox/umd/662_p1/src/mobilerobot/build/mobilerobot' returned '0': CMAKE_PREFIX_PATH=${CMAKE_PREFIX_PATH}:/opt/ros/galactic /usr/bin/cmake --build /home/kashif/distrobox/umd/662_p1/src/mobilerobot/build/mobilerobot -- -j20 -l20
[1.754s] Invoking command in '/home/kashif/distrobox/umd/662_p1/src/mobilerobot/build/mobilerobot': CMAKE_PREFIX_PATH=${CMAKE_PREFIX_PATH}:/opt/ros/galactic /usr/bin/cmake --install /home/kashif/distrobox/umd/662_p1/src/mobilerobot/build/mobilerobot
[1.765s] -- Install configuration: ""
[1.765s] -- Installing: /home/kashif/distrobox/umd/662_p1/src/mobilerobot/install/mobilerobot/share/mobilerobot//urdf
[1.765s] -- Installing: /home/kashif/distrobox/umd/662_p1/src/mobilerobot/install/mobilerobot/share/mobilerobot//urdf/mobilerobot.csv
[1.765s] -- Installing: /home/kashif/distrobox/umd/662_p1/src/mobilerobot/install/mobilerobot/share/mobilerobot//urdf/mobilerobot.urdf.xacro
[1.766s] -- Installing: /home/kashif/distrobox/umd/662_p1/src/mobilerobot/install/mobilerobot/share/mobilerobot//meshes
[1.766s] -- Installing: /home/kashif/distrobox/umd/662_p1/src/mobilerobot/install/mobilerobot/share/mobilerobot//meshes/fl_wheel_link.STL
[1.766s] -- Installing: /home/kashif/distrobox/umd/662_p1/src/mobilerobot/install/mobilerobot/share/mobilerobot//meshes/lidar_link.STL
[1.766s] -- Installing: /home/kashif/distrobox/umd/662_p1/src/mobilerobot/install/mobilerobot/share/mobilerobot//meshes/fr_steering_link.STL
[1.766s] -- Installing: /home/kashif/distrobox/umd/662_p1/src/mobilerobot/install/mobilerobot/share/mobilerobot//meshes/rear_wheel_link.STL
[1.767s] -- Installing: /home/kashif/distrobox/umd/662_p1/src/mobilerobot/install/mobilerobot/share/mobilerobot//meshes/base_link.STL
[1.767s] -- Installing: /home/kashif/distrobox/umd/662_p1/src/mobilerobot/install/mobilerobot/share/mobilerobot//meshes/fl_steering_link.STL
[1.767s] -- Installing: /home/kashif/distrobox/umd/662_p1/src/mobilerobot/install/mobilerobot/share/mobilerobot//meshes/fr_wheel_link.STL
[1.767s] -- Installing: /home/kashif/distrobox/umd/662_p1/src/mobilerobot/install/mobilerobot/share/mobilerobot//launch
[1.767s] -- Installing: /home/kashif/distrobox/umd/662_p1/src/mobilerobot/install/mobilerobot/share/mobilerobot//launch/gazebo.launch.py
[1.767s] -- Installing: /home/kashif/distrobox/umd/662_p1/src/mobilerobot/install/mobilerobot/share/mobilerobot//launch/display.launch.py
[1.767s] -- Installing: /home/kashif/distrobox/umd/662_p1/src/mobilerobot/install/mobilerobot/share/mobilerobot//launch/spawn_robot_ros2.launch.py
[1.767s] -- Installing: /home/kashif/distrobox/umd/662_p1/src/mobilerobot/install/mobilerobot/share/mobilerobot//launch/robot_description_publisher.py
[1.767s] -- Installing: /home/kashif/distrobox/umd/662_p1/src/mobilerobot/install/mobilerobot/share/mobilerobot//launch/debug.launch.py
[1.768s] -- Installing: /home/kashif/distrobox/umd/662_p1/src/mobilerobot/install/mobilerobot/share/mobilerobot//worlds
[1.768s] -- Installing: /home/kashif/distrobox/umd/662_p1/src/mobilerobot/install/mobilerobot/share/mobilerobot//worlds/empty_world.world
[1.768s] -- Installing: /home/kashif/distrobox/umd/662_p1/src/mobilerobot/install/mobilerobot/share/mobilerobot//config
[1.768s] -- Installing: /home/kashif/distrobox/umd/662_p1/src/mobilerobot/install/mobilerobot/share/mobilerobot//config/control.yaml
[1.768s] -- Installing: /home/kashif/distrobox/umd/662_p1/src/mobilerobot/install/mobilerobot/include/mobilerobot
[1.768s] -- Installing: /home/kashif/distrobox/umd/662_p1/src/mobilerobot/install/mobilerobot/lib/mobilerobot/robot_description_publisher.py
[1.768s] -- Installing: /home/kashif/distrobox/umd/662_p1/src/mobilerobot/install/mobilerobot/share/ament_index/resource_index/package_run_dependencies/mobilerobot
[1.768s] -- Installing: /home/kashif/distrobox/umd/662_p1/src/mobilerobot/install/mobilerobot/share/ament_index/resource_index/parent_prefix_path/mobilerobot
[1.768s] -- Installing: /home/kashif/distrobox/umd/662_p1/src/mobilerobot/install/mobilerobot/share/mobilerobot/environment/ament_prefix_path.sh
[1.768s] -- Installing: /home/kashif/distrobox/umd/662_p1/src/mobilerobot/install/mobilerobot/share/mobilerobot/environment/ament_prefix_path.dsv
[1.769s] -- Installing: /home/kashif/distrobox/umd/662_p1/src/mobilerobot/install/mobilerobot/share/mobilerobot/environment/path.sh
[1.769s] -- Installing: /home/kashif/distrobox/umd/662_p1/src/mobilerobot/install/mobilerobot/share/mobilerobot/environment/path.dsv
[1.769s] -- Installing: /home/kashif/distrobox/umd/662_p1/src/mobilerobot/install/mobilerobot/share/mobilerobot/local_setup.bash
[1.769s] -- Installing: /home/kashif/distrobox/umd/662_p1/src/mobilerobot/install/mobilerobot/share/mobilerobot/local_setup.sh
[1.769s] -- Installing: /home/kashif/distrobox/umd/662_p1/src/mobilerobot/install/mobilerobot/share/mobilerobot/local_setup.zsh
[1.769s] -- Installing: /home/kashif/distrobox/umd/662_p1/src/mobilerobot/install/mobilerobot/share/mobilerobot/local_setup.dsv
[1.769s] -- Installing: /home/kashif/distrobox/umd/662_p1/src/mobilerobot/install/mobilerobot/share/mobilerobot/package.dsv
[1.769s] -- Installing: /home/kashif/distrobox/umd/662_p1/src/mobilerobot/install/mobilerobot/share/ament_index/resource_index/packages/mobilerobot
[1.770s] -- Installing: /home/kashif/distrobox/umd/662_p1/src/mobilerobot/install/mobilerobot/share/mobilerobot/cmake/mobilerobotConfig.cmake
[1.770s] -- Installing: /home/kashif/distrobox/umd/662_p1/src/mobilerobot/install/mobilerobot/share/mobilerobot/cmake/mobilerobotConfig-version.cmake
[1.770s] -- Installing: /home/kashif/distrobox/umd/662_p1/src/mobilerobot/install/mobilerobot/share/mobilerobot/package.xml
[1.772s] Invoked command in '/home/kashif/distrobox/umd/662_p1/src/mobilerobot/build/mobilerobot' returned '0': CMAKE_PREFIX_PATH=${CMAKE_PREFIX_PATH}:/opt/ros/galactic /usr/bin/cmake --install /home/kashif/distrobox/umd/662_p1/src/mobilerobot/build/mobilerobot
