[0.010s] Invoking command in '/home/kashif/distrobox/umd/662_p1/build/mobilerobot': CMAKE_PREFIX_PATH=/opt/ros/galactic /usr/bin/cmake --build /home/kashif/distrobox/umd/662_p1/build/mobilerobot -- -j20 -l20
[0.046s] Invoked command in '/home/kashif/distrobox/umd/662_p1/build/mobilerobot' returned '0': CMAKE_PREFIX_PATH=/opt/ros/galactic /usr/bin/cmake --build /home/kashif/distrobox/umd/662_p1/build/mobilerobot -- -j20 -l20
[0.079s] Invoking command in '/home/kashif/distrobox/umd/662_p1/build/mobilerobot': CMAKE_PREFIX_PATH=/opt/ros/galactic /usr/bin/cmake --install /home/kashif/distrobox/umd/662_p1/build/mobilerobot
[0.087s] -- Install configuration: ""
[0.088s] -- Up-to-date: /home/kashif/distrobox/umd/662_p1/install/mobilerobot/share/mobilerobot//urdf
[0.088s] -- Up-to-date: /home/kashif/distrobox/umd/662_p1/install/mobilerobot/share/mobilerobot//urdf/mobilerobot.csv
[0.088s] -- Up-to-date: /home/kashif/distrobox/umd/662_p1/install/mobilerobot/share/mobilerobot//urdf/mobilerobot.urdf.xacro
[0.088s] -- Up-to-date: /home/kashif/distrobox/umd/662_p1/install/mobilerobot/share/mobilerobot//meshes
[0.088s] -- Up-to-date: /home/kashif/distrobox/umd/662_p1/install/mobilerobot/share/mobilerobot//meshes/fl_wheel_link.STL
[0.088s] -- Up-to-date: /home/kashif/distrobox/umd/662_p1/install/mobilerobot/share/mobilerobot//meshes/lidar_link.STL
[0.088s] -- Up-to-date: /home/kashif/distrobox/umd/662_p1/install/mobilerobot/share/mobilerobot//meshes/fr_steering_link.STL
[0.088s] -- Up-to-date: /home/kashif/distrobox/umd/662_p1/install/mobilerobot/share/mobilerobot//meshes/rear_wheel_link.STL
[0.088s] -- Up-to-date: /home/kashif/distrobox/umd/662_p1/install/mobilerobot/share/mobilerobot//meshes/base_link.STL
[0.088s] -- Up-to-date: /home/kashif/distrobox/umd/662_p1/install/mobilerobot/share/mobilerobot//meshes/fl_steering_link.STL
[0.088s] -- Up-to-date: /home/kashif/distrobox/umd/662_p1/install/mobilerobot/share/mobilerobot//meshes/fr_wheel_link.STL
[0.088s] -- Up-to-date: /home/kashif/distrobox/umd/662_p1/install/mobilerobot/share/mobilerobot//launch
[0.088s] -- Up-to-date: /home/kashif/distrobox/umd/662_p1/install/mobilerobot/share/mobilerobot//launch/gazebo.launch.py
[0.089s] -- Up-to-date: /home/kashif/distrobox/umd/662_p1/install/mobilerobot/share/mobilerobot//launch/display.launch.py
[0.089s] -- Installing: /home/kashif/distrobox/umd/662_p1/install/mobilerobot/share/mobilerobot//launch/spawn_robot_ros2.launch.py
[0.089s] -- Up-to-date: /home/kashif/distrobox/umd/662_p1/install/mobilerobot/share/mobilerobot//launch/robot_description_publisher.py
[0.089s] -- Up-to-date: /home/kashif/distrobox/umd/662_p1/install/mobilerobot/share/mobilerobot//launch/debug.launch.py
[0.089s] -- Up-to-date: /home/kashif/distrobox/umd/662_p1/install/mobilerobot/share/mobilerobot//launch/competition.launch.py
[0.089s] -- Up-to-date: /home/kashif/distrobox/umd/662_p1/install/mobilerobot/share/mobilerobot//worlds
[0.089s] -- Up-to-date: /home/kashif/distrobox/umd/662_p1/install/mobilerobot/share/mobilerobot//worlds/empty_world.world
[0.089s] -- Up-to-date: /home/kashif/distrobox/umd/662_p1/install/mobilerobot/share/mobilerobot//competition
[0.089s] -- Up-to-date: /home/kashif/distrobox/umd/662_p1/install/mobilerobot/share/mobilerobot//competition/arena
[0.089s] -- Up-to-date: /home/kashif/distrobox/umd/662_p1/install/mobilerobot/share/mobilerobot//competition/arena/meshes
[0.089s] -- Up-to-date: /home/kashif/distrobox/umd/662_p1/install/mobilerobot/share/mobilerobot//competition/arena/meshes/base_link.STL
[0.089s] -- Up-to-date: /home/kashif/distrobox/umd/662_p1/install/mobilerobot/share/mobilerobot//competition/arena/meshes/track.STL
[0.089s] -- Up-to-date: /home/kashif/distrobox/umd/662_p1/install/mobilerobot/share/mobilerobot//competition/arena/meshes/check_point.STL
[0.089s] -- Up-to-date: /home/kashif/distrobox/umd/662_p1/install/mobilerobot/share/mobilerobot//competition/arena/model.sdf
[0.089s] -- Up-to-date: /home/kashif/distrobox/umd/662_p1/install/mobilerobot/share/mobilerobot//competition/arena/model.config
[0.090s] -- Up-to-date: /home/kashif/distrobox/umd/662_p1/install/mobilerobot/share/mobilerobot//competition/worlds
[0.090s] -- Up-to-date: /home/kashif/distrobox/umd/662_p1/install/mobilerobot/share/mobilerobot//competition/worlds/competition.world
[0.090s] -- Up-to-date: /home/kashif/distrobox/umd/662_p1/install/mobilerobot/include/mobilerobot
[0.090s] -- Up-to-date: /home/kashif/distrobox/umd/662_p1/install/mobilerobot/lib/mobilerobot/robot_description_publisher.py
[0.090s] -- Up-to-date: /home/kashif/distrobox/umd/662_p1/install/mobilerobot/lib/mobilerobot/controller.py
[0.090s] -- Up-to-date: /home/kashif/distrobox/umd/662_p1/install/mobilerobot/share/ament_index/resource_index/package_run_dependencies/mobilerobot
[0.090s] -- Up-to-date: /home/kashif/distrobox/umd/662_p1/install/mobilerobot/share/ament_index/resource_index/parent_prefix_path/mobilerobot
[0.090s] -- Up-to-date: /home/kashif/distrobox/umd/662_p1/install/mobilerobot/share/mobilerobot/environment/ament_prefix_path.sh
[0.090s] -- Up-to-date: /home/kashif/distrobox/umd/662_p1/install/mobilerobot/share/mobilerobot/environment/ament_prefix_path.dsv
[0.090s] -- Up-to-date: /home/kashif/distrobox/umd/662_p1/install/mobilerobot/share/mobilerobot/environment/path.sh
[0.090s] -- Up-to-date: /home/kashif/distrobox/umd/662_p1/install/mobilerobot/share/mobilerobot/environment/path.dsv
[0.090s] -- Up-to-date: /home/kashif/distrobox/umd/662_p1/install/mobilerobot/share/mobilerobot/local_setup.bash
[0.090s] -- Up-to-date: /home/kashif/distrobox/umd/662_p1/install/mobilerobot/share/mobilerobot/local_setup.sh
[0.090s] -- Up-to-date: /home/kashif/distrobox/umd/662_p1/install/mobilerobot/share/mobilerobot/local_setup.zsh
[0.090s] -- Up-to-date: /home/kashif/distrobox/umd/662_p1/install/mobilerobot/share/mobilerobot/local_setup.dsv
[0.090s] -- Up-to-date: /home/kashif/distrobox/umd/662_p1/install/mobilerobot/share/mobilerobot/package.dsv
[0.090s] -- Up-to-date: /home/kashif/distrobox/umd/662_p1/install/mobilerobot/share/ament_index/resource_index/packages/mobilerobot
[0.091s] -- Up-to-date: /home/kashif/distrobox/umd/662_p1/install/mobilerobot/share/mobilerobot/cmake/mobilerobotConfig.cmake
[0.091s] -- Up-to-date: /home/kashif/distrobox/umd/662_p1/install/mobilerobot/share/mobilerobot/cmake/mobilerobotConfig-version.cmake
[0.091s] -- Up-to-date: /home/kashif/distrobox/umd/662_p1/install/mobilerobot/share/mobilerobot/package.xml
[0.092s] Invoked command in '/home/kashif/distrobox/umd/662_p1/build/mobilerobot' returned '0': CMAKE_PREFIX_PATH=/opt/ros/galactic /usr/bin/cmake --install /home/kashif/distrobox/umd/662_p1/build/mobilerobot
