-- Install configuration: ""
-- Up-to-date: /home/kashif/distrobox/umd/662_p1/src/mobilerobot/install/mobilerobot/share/mobilerobot//urdf
-- Up-to-date: /home/kashif/distrobox/umd/662_p1/src/mobilerobot/install/mobilerobot/share/mobilerobot//urdf/mobilerobot.csv
-- Up-to-date: /home/kashif/distrobox/umd/662_p1/src/mobilerobot/install/mobilerobot/share/mobilerobot//urdf/mobilerobot.urdf.xacro
-- Up-to-date: /home/kashif/distrobox/umd/662_p1/src/mobilerobot/install/mobilerobot/share/mobilerobot//meshes
-- Up-to-date: /home/kashif/distrobox/umd/662_p1/src/mobilerobot/install/mobilerobot/share/mobilerobot//meshes/fl_wheel_link.STL
-- Up-to-date: /home/kashif/distrobox/umd/662_p1/src/mobilerobot/install/mobilerobot/share/mobilerobot//meshes/lidar_link.STL
-- Up-to-date: /home/kashif/distrobox/umd/662_p1/src/mobilerobot/install/mobilerobot/share/mobilerobot//meshes/fr_steering_link.STL
-- Up-to-date: /home/kashif/distrobox/umd/662_p1/src/mobilerobot/install/mobilerobot/share/mobilerobot//meshes/rear_wheel_link.STL
-- Up-to-date: /home/kashif/distrobox/umd/662_p1/src/mobilerobot/install/mobilerobot/share/mobilerobot//meshes/base_link.STL
-- Up-to-date: /home/kashif/distrobox/umd/662_p1/src/mobilerobot/install/mobilerobot/share/mobilerobot//meshes/fl_steering_link.STL
-- Up-to-date: /home/kashif/distrobox/umd/662_p1/src/mobilerobot/install/mobilerobot/share/mobilerobot//meshes/fr_wheel_link.STL
-- Up-to-date: /home/kashif/distrobox/umd/662_p1/src/mobilerobot/install/mobilerobot/share/mobilerobot//launch
-- Up-to-date: /home/kashif/distrobox/umd/662_p1/src/mobilerobot/install/mobilerobot/share/mobilerobot//launch/gazebo.launch.py
-- Up-to-date: /home/kashif/distrobox/umd/662_p1/src/mobilerobot/install/mobilerobot/share/mobilerobot//launch/display.launch.py
-- Up-to-date: /home/kashif/distrobox/umd/662_p1/src/mobilerobot/install/mobilerobot/share/mobilerobot//launch/spawn_robot_ros2.launch.py
-- Up-to-date: /home/kashif/distrobox/umd/662_p1/src/mobilerobot/install/mobilerobot/share/mobilerobot//launch/robot_description_publisher.py
-- Up-to-date: /home/kashif/distrobox/umd/662_p1/src/mobilerobot/install/mobilerobot/share/mobilerobot//launch/debug.launch.py
-- Up-to-date: /home/kashif/distrobox/umd/662_p1/src/mobilerobot/install/mobilerobot/share/mobilerobot//worlds
-- Up-to-date: /home/kashif/distrobox/umd/662_p1/src/mobilerobot/install/mobilerobot/share/mobilerobot//worlds/empty_world.world
-- Up-to-date: /home/kashif/distrobox/umd/662_p1/src/mobilerobot/install/mobilerobot/share/mobilerobot//config
-- Up-to-date: /home/kashif/distrobox/umd/662_p1/src/mobilerobot/install/mobilerobot/share/mobilerobot//config/control.yaml
-- Up-to-date: /home/kashif/distrobox/umd/662_p1/src/mobilerobot/install/mobilerobot/include/mobilerobot
-- Up-to-date: /home/kashif/distrobox/umd/662_p1/src/mobilerobot/install/mobilerobot/lib/mobilerobot/robot_description_publisher.py
-- Up-to-date: /home/kashif/distrobox/umd/662_p1/src/mobilerobot/install/mobilerobot/share/ament_index/resource_index/package_run_dependencies/mobilerobot
-- Up-to-date: /home/kashif/distrobox/umd/662_p1/src/mobilerobot/install/mobilerobot/share/ament_index/resource_index/parent_prefix_path/mobilerobot
-- Up-to-date: /home/kashif/distrobox/umd/662_p1/src/mobilerobot/install/mobilerobot/share/mobilerobot/environment/ament_prefix_path.sh
-- Up-to-date: /home/kashif/distrobox/umd/662_p1/src/mobilerobot/install/mobilerobot/share/mobilerobot/environment/ament_prefix_path.dsv
-- Up-to-date: /home/kashif/distrobox/umd/662_p1/src/mobilerobot/install/mobilerobot/share/mobilerobot/environment/path.sh
-- Up-to-date: /home/kashif/distrobox/umd/662_p1/src/mobilerobot/install/mobilerobot/share/mobilerobot/environment/path.dsv
-- Up-to-date: /home/kashif/distrobox/umd/662_p1/src/mobilerobot/install/mobilerobot/share/mobilerobot/local_setup.bash
-- Up-to-date: /home/kashif/distrobox/umd/662_p1/src/mobilerobot/install/mobilerobot/share/mobilerobot/local_setup.sh
-- Up-to-date: /home/kashif/distrobox/umd/662_p1/src/mobilerobot/install/mobilerobot/share/mobilerobot/local_setup.zsh
-- Up-to-date: /home/kashif/distrobox/umd/662_p1/src/mobilerobot/install/mobilerobot/share/mobilerobot/local_setup.dsv
-- Installing: /home/kashif/distrobox/umd/662_p1/src/mobilerobot/install/mobilerobot/share/mobilerobot/package.dsv
-- Up-to-date: /home/kashif/distrobox/umd/662_p1/src/mobilerobot/install/mobilerobot/share/ament_index/resource_index/packages/mobilerobot
-- Up-to-date: /home/kashif/distrobox/umd/662_p1/src/mobilerobot/install/mobilerobot/share/mobilerobot/cmake/mobilerobotConfig.cmake
-- Up-to-date: /home/kashif/distrobox/umd/662_p1/src/mobilerobot/install/mobilerobot/share/mobilerobot/cmake/mobilerobotConfig-version.cmake
-- Up-to-date: /home/kashif/distrobox/umd/662_p1/src/mobilerobot/install/mobilerobot/share/mobilerobot/package.xml
