[0.188s] DEBUG:colcon:Command line arguments: ['/usr/bin/colcon', 'build']
[0.188s] DEBUG:colcon:Parsed command line arguments: Namespace(allow_overriding=[], ament_cmake_args=None, base_paths=['.'], build_base='build', catkin_cmake_args=None, catkin_skip_building_tests=False, cmake_args=None, cmake_clean_cache=False, cmake_clean_first=False, cmake_force_configure=False, cmake_target=None, cmake_target_skip_unavailable=False, continue_on_error=False, event_handlers=None, executor='parallel', ignore_user_meta=False, install_base='install', log_base=None, log_level=None, main=<bound method BuildVerb.main of <colcon_core.verb.build.BuildVerb object at 0x7fa65ad24a60>>, merge_install=False, metas=['./colcon.meta'], packages_above=None, packages_above_and_dependencies=None, packages_above_depth=None, packages_end=None, packages_ignore=None, packages_ignore_regex=None, packages_select=None, packages_select_build_failed=False, packages_select_by_dep=None, packages_select_regex=None, packages_select_test_failures=False, packages_skip=None, packages_skip_build_finished=False, packages_skip_by_dep=None, packages_skip_regex=None, packages_skip_test_passed=False, packages_skip_up_to=None, packages_start=None, packages_up_to=None, packages_up_to_regex=None, parallel_workers=20, paths=None, symlink_install=False, test_result_base=None, verb_extension=<colcon_core.verb.build.BuildVerb object at 0x7fa65ad24a60>, verb_name='build', verb_parser=<colcon_defaults.argument_parser.defaults.DefaultArgumentsDecorator object at 0x7fa65ad2e040>)
[0.204s] Level 1:colcon.colcon_core.package_discovery:discover_packages(colcon_meta) check parameters
[0.204s] Level 1:colcon.colcon_core.package_discovery:discover_packages(recursive) check parameters
[0.204s] Level 1:colcon.colcon_core.package_discovery:discover_packages(ignore) check parameters
[0.204s] Level 1:colcon.colcon_core.package_discovery:discover_packages(path) check parameters
[0.204s] Level 1:colcon.colcon_core.package_discovery:discover_packages(colcon_meta) discover
[0.204s] Level 1:colcon.colcon_core.package_discovery:discover_packages(recursive) discover
[0.204s] INFO:colcon.colcon_core.package_discovery:Crawling recursively for packages in '/home/kashif/distrobox/umd/662_p1/src/mobilerobot'
[0.204s] Level 1:colcon.colcon_core.package_identification:_identify(.) by extensions ['ignore', 'ignore_ament_install']
[0.204s] Level 1:colcon.colcon_core.package_identification:_identify(.) by extension 'ignore'
[0.204s] Level 1:colcon.colcon_core.package_identification:_identify(.) by extension 'ignore_ament_install'
[0.205s] Level 1:colcon.colcon_core.package_identification:_identify(.) by extensions ['colcon_pkg']
[0.205s] Level 1:colcon.colcon_core.package_identification:_identify(.) by extension 'colcon_pkg'
[0.205s] Level 1:colcon.colcon_core.package_identification:_identify(.) by extensions ['colcon_meta']
[0.205s] Level 1:colcon.colcon_core.package_identification:_identify(.) by extension 'colcon_meta'
[0.205s] Level 1:colcon.colcon_core.package_identification:_identify(.) by extensions ['ros']
[0.205s] Level 1:colcon.colcon_core.package_identification:_identify(.) by extension 'ros'
[0.219s] DEBUG:colcon.colcon_core.package_identification:Package '.' with type 'ros.ament_cmake' and name 'mobilerobot'
[0.219s] Level 1:colcon.colcon_core.package_discovery:discover_packages(recursive) using defaults
[0.219s] Level 1:colcon.colcon_core.package_discovery:discover_packages(ignore) discover
[0.219s] Level 1:colcon.colcon_core.package_discovery:discover_packages(ignore) using defaults
[0.219s] Level 1:colcon.colcon_core.package_discovery:discover_packages(path) discover
[0.219s] Level 1:colcon.colcon_core.package_discovery:discover_packages(path) using defaults
[0.231s] Level 1:colcon.colcon_core.package_discovery:discover_packages(prefix_path) check parameters
[0.231s] Level 1:colcon.colcon_core.package_discovery:discover_packages(prefix_path) discover
[0.232s] DEBUG:colcon.colcon_installed_package_information.package_discovery:Found 1 installed packages in /home/kashif/distrobox/umd/662_p1/src/mobilerobot/install
[0.233s] DEBUG:colcon.colcon_installed_package_information.package_discovery:Found 1 installed packages in /home/kashif/distrobox/umd/662_p1/install
[0.234s] DEBUG:colcon.colcon_installed_package_information.package_discovery:Found 351 installed packages in /opt/ros/galactic
[0.235s] Level 1:colcon.colcon_core.package_discovery:discover_packages(prefix_path) using defaults
[0.282s] Level 5:colcon.colcon_core.verb:set package 'mobilerobot' build argument 'cmake_args' from command line to 'None'
[0.282s] Level 5:colcon.colcon_core.verb:set package 'mobilerobot' build argument 'cmake_target' from command line to 'None'
[0.282s] Level 5:colcon.colcon_core.verb:set package 'mobilerobot' build argument 'cmake_target_skip_unavailable' from command line to 'False'
[0.282s] Level 5:colcon.colcon_core.verb:set package 'mobilerobot' build argument 'cmake_clean_cache' from command line to 'False'
[0.282s] Level 5:colcon.colcon_core.verb:set package 'mobilerobot' build argument 'cmake_clean_first' from command line to 'False'
[0.282s] Level 5:colcon.colcon_core.verb:set package 'mobilerobot' build argument 'cmake_force_configure' from command line to 'False'
[0.282s] Level 5:colcon.colcon_core.verb:set package 'mobilerobot' build argument 'ament_cmake_args' from command line to 'None'
[0.282s] Level 5:colcon.colcon_core.verb:set package 'mobilerobot' build argument 'catkin_cmake_args' from command line to 'None'
[0.282s] Level 5:colcon.colcon_core.verb:set package 'mobilerobot' build argument 'catkin_skip_building_tests' from command line to 'False'
[0.282s] DEBUG:colcon.colcon_core.verb:Building package 'mobilerobot' with the following arguments: {'ament_cmake_args': None, 'build_base': '/home/kashif/distrobox/umd/662_p1/src/mobilerobot/build/mobilerobot', 'catkin_cmake_args': None, 'catkin_skip_building_tests': False, 'cmake_args': None, 'cmake_clean_cache': False, 'cmake_clean_first': False, 'cmake_force_configure': False, 'cmake_target': None, 'cmake_target_skip_unavailable': False, 'install_base': '/home/kashif/distrobox/umd/662_p1/src/mobilerobot/install/mobilerobot', 'merge_install': False, 'path': '/home/kashif/distrobox/umd/662_p1/src/mobilerobot', 'symlink_install': False, 'test_result_base': None}
[0.283s] INFO:colcon.colcon_core.executor:Executing jobs using 'parallel' executor
[0.285s] DEBUG:colcon.colcon_parallel_executor.executor.parallel:run_until_complete
[0.285s] INFO:colcon.colcon_ros.task.ament_cmake.build:Building ROS package in '/home/kashif/distrobox/umd/662_p1/src/mobilerobot' with build type 'ament_cmake'
[0.285s] INFO:colcon.colcon_cmake.task.cmake.build:Building CMake package in '/home/kashif/distrobox/umd/662_p1/src/mobilerobot'
[0.288s] INFO:colcon.colcon_core.plugin_system:Skipping extension 'colcon_core.shell.bat': Not used on non-Windows systems
[0.288s] INFO:colcon.colcon_core.shell:Skip shell extension 'powershell' for command environment: Not usable outside of PowerShell
[0.288s] DEBUG:colcon.colcon_core.shell:Skip shell extension 'dsv' for command environment
[0.297s] DEBUG:colcon.colcon_core.event_handler.log_command:Invoking command in '/home/kashif/distrobox/umd/662_p1/src/mobilerobot/build/mobilerobot': CMAKE_PREFIX_PATH=${CMAKE_PREFIX_PATH}:/opt/ros/galactic /usr/bin/cmake --build /home/kashif/distrobox/umd/662_p1/src/mobilerobot/build/mobilerobot -- -j20 -l20
[0.342s] DEBUG:colcon.colcon_core.event_handler.log_command:Invoked command in '/home/kashif/distrobox/umd/662_p1/src/mobilerobot/build/mobilerobot' returned '0': CMAKE_PREFIX_PATH=${CMAKE_PREFIX_PATH}:/opt/ros/galactic /usr/bin/cmake --build /home/kashif/distrobox/umd/662_p1/src/mobilerobot/build/mobilerobot -- -j20 -l20
[0.382s] DEBUG:colcon.colcon_core.event_handler.log_command:Invoking command in '/home/kashif/distrobox/umd/662_p1/src/mobilerobot/build/mobilerobot': CMAKE_PREFIX_PATH=${CMAKE_PREFIX_PATH}:/opt/ros/galactic /usr/bin/cmake --install /home/kashif/distrobox/umd/662_p1/src/mobilerobot/build/mobilerobot
[0.395s] Level 1:colcon.colcon_core.environment:create_environment_scripts_only(mobilerobot)
[0.396s] DEBUG:colcon.colcon_core.event_handler.log_command:Invoked command in '/home/kashif/distrobox/umd/662_p1/src/mobilerobot/build/mobilerobot' returned '0': CMAKE_PREFIX_PATH=${CMAKE_PREFIX_PATH}:/opt/ros/galactic /usr/bin/cmake --install /home/kashif/distrobox/umd/662_p1/src/mobilerobot/build/mobilerobot
[0.399s] Level 1:colcon.colcon_core.environment:checking '/home/kashif/distrobox/umd/662_p1/src/mobilerobot/install/mobilerobot' for CMake module files
[0.400s] Level 1:colcon.colcon_core.environment:checking '/home/kashif/distrobox/umd/662_p1/src/mobilerobot/install/mobilerobot' for CMake config files
[0.400s] Level 1:colcon.colcon_core.shell:create_environment_hook('mobilerobot', 'cmake_prefix_path')
[0.401s] INFO:colcon.colcon_core.shell:Creating environment hook '/home/kashif/distrobox/umd/662_p1/src/mobilerobot/install/mobilerobot/share/mobilerobot/hook/cmake_prefix_path.ps1'
[0.401s] INFO:colcon.colcon_core.shell:Creating environment descriptor '/home/kashif/distrobox/umd/662_p1/src/mobilerobot/install/mobilerobot/share/mobilerobot/hook/cmake_prefix_path.dsv'
[0.402s] INFO:colcon.colcon_core.shell:Creating environment hook '/home/kashif/distrobox/umd/662_p1/src/mobilerobot/install/mobilerobot/share/mobilerobot/hook/cmake_prefix_path.sh'
[0.402s] Level 1:colcon.colcon_core.environment:checking '/home/kashif/distrobox/umd/662_p1/src/mobilerobot/install/mobilerobot/lib'
[0.402s] Level 1:colcon.colcon_core.environment:checking '/home/kashif/distrobox/umd/662_p1/src/mobilerobot/install/mobilerobot/bin'
[0.402s] Level 1:colcon.colcon_core.environment:checking '/home/kashif/distrobox/umd/662_p1/src/mobilerobot/install/mobilerobot/lib/pkgconfig/mobilerobot.pc'
[0.402s] Level 1:colcon.colcon_core.environment:checking '/home/kashif/distrobox/umd/662_p1/src/mobilerobot/install/mobilerobot/lib/python3.8/site-packages'
[0.403s] Level 1:colcon.colcon_core.environment:checking '/home/kashif/distrobox/umd/662_p1/src/mobilerobot/install/mobilerobot/bin'
[0.403s] INFO:colcon.colcon_core.shell:Creating package script '/home/kashif/distrobox/umd/662_p1/src/mobilerobot/install/mobilerobot/share/mobilerobot/package.ps1'
[0.404s] INFO:colcon.colcon_core.shell:Creating package descriptor '/home/kashif/distrobox/umd/662_p1/src/mobilerobot/install/mobilerobot/share/mobilerobot/package.dsv'
[0.404s] INFO:colcon.colcon_core.shell:Creating package script '/home/kashif/distrobox/umd/662_p1/src/mobilerobot/install/mobilerobot/share/mobilerobot/package.sh'
[0.404s] INFO:colcon.colcon_core.shell:Creating package script '/home/kashif/distrobox/umd/662_p1/src/mobilerobot/install/mobilerobot/share/mobilerobot/package.bash'
[0.405s] INFO:colcon.colcon_core.shell:Creating package script '/home/kashif/distrobox/umd/662_p1/src/mobilerobot/install/mobilerobot/share/mobilerobot/package.zsh'
[0.405s] Level 1:colcon.colcon_core.environment:create_file_with_runtime_dependencies(/home/kashif/distrobox/umd/662_p1/src/mobilerobot/install/mobilerobot/share/colcon-core/packages/mobilerobot)
[0.424s] Level 1:colcon.colcon_core.environment:create_environment_scripts_only(mobilerobot)
[0.426s] Level 1:colcon.colcon_core.environment:checking '/home/kashif/distrobox/umd/662_p1/src/mobilerobot/install/mobilerobot' for CMake module files
[0.426s] Level 1:colcon.colcon_core.environment:checking '/home/kashif/distrobox/umd/662_p1/src/mobilerobot/install/mobilerobot' for CMake config files
[0.426s] Level 1:colcon.colcon_core.shell:create_environment_hook('mobilerobot', 'cmake_prefix_path')
[0.427s] INFO:colcon.colcon_core.shell:Creating environment hook '/home/kashif/distrobox/umd/662_p1/src/mobilerobot/install/mobilerobot/share/mobilerobot/hook/cmake_prefix_path.ps1'
[0.428s] INFO:colcon.colcon_core.shell:Creating environment descriptor '/home/kashif/distrobox/umd/662_p1/src/mobilerobot/install/mobilerobot/share/mobilerobot/hook/cmake_prefix_path.dsv'
[0.428s] INFO:colcon.colcon_core.shell:Creating environment hook '/home/kashif/distrobox/umd/662_p1/src/mobilerobot/install/mobilerobot/share/mobilerobot/hook/cmake_prefix_path.sh'
[0.429s] Level 1:colcon.colcon_core.environment:checking '/home/kashif/distrobox/umd/662_p1/src/mobilerobot/install/mobilerobot/lib'
[0.429s] Level 1:colcon.colcon_core.environment:checking '/home/kashif/distrobox/umd/662_p1/src/mobilerobot/install/mobilerobot/bin'
[0.429s] Level 1:colcon.colcon_core.environment:checking '/home/kashif/distrobox/umd/662_p1/src/mobilerobot/install/mobilerobot/lib/pkgconfig/mobilerobot.pc'
[0.430s] Level 1:colcon.colcon_core.environment:checking '/home/kashif/distrobox/umd/662_p1/src/mobilerobot/install/mobilerobot/lib/python3.8/site-packages'
[0.430s] Level 1:colcon.colcon_core.environment:checking '/home/kashif/distrobox/umd/662_p1/src/mobilerobot/install/mobilerobot/bin'
[0.432s] INFO:colcon.colcon_core.shell:Creating package script '/home/kashif/distrobox/umd/662_p1/src/mobilerobot/install/mobilerobot/share/mobilerobot/package.ps1'
[0.432s] INFO:colcon.colcon_core.shell:Creating package descriptor '/home/kashif/distrobox/umd/662_p1/src/mobilerobot/install/mobilerobot/share/mobilerobot/package.dsv'
[0.433s] INFO:colcon.colcon_core.shell:Creating package script '/home/kashif/distrobox/umd/662_p1/src/mobilerobot/install/mobilerobot/share/mobilerobot/package.sh'
[0.433s] INFO:colcon.colcon_core.shell:Creating package script '/home/kashif/distrobox/umd/662_p1/src/mobilerobot/install/mobilerobot/share/mobilerobot/package.bash'
[0.434s] INFO:colcon.colcon_core.shell:Creating package script '/home/kashif/distrobox/umd/662_p1/src/mobilerobot/install/mobilerobot/share/mobilerobot/package.zsh'
[0.434s] Level 1:colcon.colcon_core.environment:create_file_with_runtime_dependencies(/home/kashif/distrobox/umd/662_p1/src/mobilerobot/install/mobilerobot/share/colcon-core/packages/mobilerobot)
[0.435s] DEBUG:colcon.colcon_parallel_executor.executor.parallel:closing loop
[0.435s] DEBUG:colcon.colcon_parallel_executor.executor.parallel:loop closed
[0.435s] DEBUG:colcon.colcon_parallel_executor.executor.parallel:run_until_complete finished with '0'
[0.435s] DEBUG:colcon.colcon_core.event_reactor:joining thread
[0.441s] INFO:colcon.colcon_core.plugin_system:Skipping extension 'colcon_notification.desktop_notification.notify_send': Could not find 'notify-send'
[0.441s] INFO:colcon.colcon_core.plugin_system:Skipping extension 'colcon_notification.desktop_notification.terminal_notifier': Not used on non-Darwin systems
[0.441s] INFO:colcon.colcon_core.plugin_system:Skipping extension 'colcon_notification.desktop_notification.win32': Not used on non-Windows systems
[0.441s] INFO:colcon.colcon_notification.desktop_notification:Sending desktop notification using 'notify2'
[0.457s] DEBUG:colcon.colcon_core.event_reactor:joined thread
[0.459s] INFO:colcon.colcon_core.shell:Creating prefix script '/home/kashif/distrobox/umd/662_p1/src/mobilerobot/install/local_setup.ps1'
[0.460s] INFO:colcon.colcon_core.shell:Creating prefix util module '/home/kashif/distrobox/umd/662_p1/src/mobilerobot/install/_local_setup_util_ps1.py'
[0.461s] INFO:colcon.colcon_core.shell:Creating prefix chain script '/home/kashif/distrobox/umd/662_p1/src/mobilerobot/install/setup.ps1'
[0.463s] INFO:colcon.colcon_core.shell:Creating prefix script '/home/kashif/distrobox/umd/662_p1/src/mobilerobot/install/local_setup.sh'
[0.463s] INFO:colcon.colcon_core.shell:Creating prefix util module '/home/kashif/distrobox/umd/662_p1/src/mobilerobot/install/_local_setup_util_sh.py'
[0.463s] INFO:colcon.colcon_core.shell:Creating prefix chain script '/home/kashif/distrobox/umd/662_p1/src/mobilerobot/install/setup.sh'
[0.464s] INFO:colcon.colcon_core.shell:Creating prefix script '/home/kashif/distrobox/umd/662_p1/src/mobilerobot/install/local_setup.bash'
[0.465s] INFO:colcon.colcon_core.shell:Creating prefix chain script '/home/kashif/distrobox/umd/662_p1/src/mobilerobot/install/setup.bash'
[0.467s] INFO:colcon.colcon_core.shell:Creating prefix script '/home/kashif/distrobox/umd/662_p1/src/mobilerobot/install/local_setup.zsh'
[0.467s] INFO:colcon.colcon_core.shell:Creating prefix chain script '/home/kashif/distrobox/umd/662_p1/src/mobilerobot/install/setup.zsh'
